{"level":"info","message":"User logged in: joris@test.com","service":"user-service"}
{"level":"info","message":"User logged in: michel@example.com","service":"user-service"}
info: User logged in: michel@test.com
info: User logged in: michel@test.com
info: User logged in: michel@test.com
info: User logged in: michel@test.com
info: User logged in: michel@test.com
info: Login error: secretOrPrivateKey must have a value
info: Login error: secretOrPrivateKey must have a value
info: Login error: secretOrPrivateKey must have a value
info: Login error: secretOrPrivateKey must have a value
info: User logged in: michel@test.com
info: User logged in: michel@test.com
info: User logged in: michel@test.com
info: User logged in: michel@test.com
info: User logged in: michel@test.com
info: User logged in: michel@test.com
info: User logged in: michel@test.com
info: User logged in: michel@test.com
info: User logged in: michel@test.com
info: User logged in: michel@test.com
info: User logged in: michel@test.com
info: User logged in: michel@test.com
info: User logged in: michel@test.com
info: User logged in: michel@test.com
info: User logged in: michel@test.com
info: User logged in: michel@test.com
info: User logged in: michel@test.com
info: User logged in: michel@test.com
info: User logged in: michel@test.com
info: User logged in: michel@test.com
info: User logged in: michel@test.com
info: User logged in: michel@test.com
info: User logged in: michel@test.com
info: User logged in: michel@test.com
info: User logged in: michel@test.com
info: User logged in: michel@test.com
info: User logged in: michel@test.com
info: User logged in: michel@test.com
info: User logged in: michel@test.com
info: Login error: secretOrPrivateKey must have a value
info: Login error: secretOrPrivateKey must have a value
info: Login error: JWT secret is not defined
info: Login error: JWT secret is not defined
info: Login error: JWT secret is not defined
info: Login error: JWT secret is not defined
info: Login error: JWT secret is not defined
info: Login error: JWT secret is not defined
info: Login error: JWT secret is not defined
info: Login error: JWT secret is not defined
info: Login error: JWT secret is not defined
info: Login error: JWT secret is not defined
info: Login error: JWT secret is not defined
info: User logged in: Myah.Roberts@gmail.com
info: User logged in: Aracely_Effertz81@hotmail.com
info: User logged in: Mossie.Kilback35@hotmail.com
info: User logged in: Ashleigh24@yahoo.com
info: User logged in: Abner25@hotmail.com
info: User logged in: Salvatore.Keeling@yahoo.com
info: User logged in: Jeffery.Rutherford@hotmail.com
info: User logged in: Sven2@gmail.com
info: User logged in: Noemy28@hotmail.com
info: User logged in: Avis_Rempel75@gmail.com
info: User logged in: Stan42@hotmail.com
info: User logged in: Jeramy_Carter21@yahoo.com
info: User logged in: Rossie_Wilderman@gmail.com
info: User logged in: Gunnar_Spinka34@yahoo.com
info: User logged in: Krystina_Gorczany@gmail.com
info: User logged in: Krystina_Gorczany@gmail.com
info: User logged in: Krystina_Gorczany@gmail.com
info: User logged in: Rossie_Wilderman@gmail.com
info: User logged in: Rossie_Wilderman@gmail.com
info: User logged in: Mossie_Fritsch@yahoo.com
info: User logged in: Anna83@gmail.com
info: User logged in: Ottilie_Gorczany@hotmail.com
info: User logged in: Anna83@gmail.com
info: User logged in: Anna83@gmail.com
info: User logged in: Mossie_Fritsch@yahoo.com
info: User logged in: Mossie_Fritsch@yahoo.com
